Command line invocation:
    /Applications/Xcode.app/Contents/Developer/usr/bin/xcodebuild -project Prune/Prune.xcodeproj -scheme Prune -destination generic/platform=iOS build

2026-01-11 11:21:37.211 xcodebuild[21819:345013] [MT] IDERunDestination: Supported platforms for the buildables in the current scheme is empty.
ComputePackagePrebuildTargetDependencyGraph

Prepare packages

CreateBuildRequest

SendProjectDescription

CreateBuildOperation

ComputeTargetDependencyGraph
note: Building targets in dependency order
note: Target dependency graph (1 target)
    Target 'Prune' in project 'Prune' (no dependencies)

GatherProvisioningInputs

CreateBuildDescription

ExecuteExternalTool /Applications/Xcode.app/Contents/Developer/Toolchains/XcodeDefault.xctoolchain/usr/bin/clang -v -E -dM -isysroot /Applications/Xcode.app/Contents/Developer/Platforms/iPhoneOS.platform/Developer/SDKs/iPhoneOS26.1.sdk -x c -c /dev/null

ExecuteExternalTool /Applications/Xcode.app/Contents/Developer/usr/bin/actool --print-asset-tag-combinations --output-format xml1 /Users/victor/Documents/Dev/Photo Swiping App/Prune/Prune/Assets.xcassets

ExecuteExternalTool /Applications/Xcode.app/Contents/Developer/usr/bin/actool --version --output-format xml1

ExecuteExternalTool /Applications/Xcode.app/Contents/Developer/Toolchains/XcodeDefault.xctoolchain/usr/bin/swiftc --version

ExecuteExternalTool /Applications/Xcode.app/Contents/Developer/Toolchains/XcodeDefault.xctoolchain/usr/bin/ld -version_details

Build description signature: 6e34b720bf5be85c217f7e37a026ad01
Build description path: /Users/victor/Library/Developer/Xcode/DerivedData/Prune-gfseusqpfpgnvwgqfcdramosyrme/Build/Intermediates.noindex/XCBuildData/6e34b720bf5be85c217f7e37a026ad01.xcbuilddata
ClangStatCache /Applications/Xcode.app/Contents/Developer/Toolchains/XcodeDefault.xctoolchain/usr/bin/clang-stat-cache /Applications/Xcode.app/Contents/Developer/Platforms/iPhoneOS.platform/Developer/SDKs/iPhoneOS26.1.sdk /Users/victor/Library/Developer/Xcode/DerivedData/SDKStatCaches.noindex/iphoneos26.1-23B77-69b33fc7382b27d9b5d46e82a00f8e78.sdkstatcache
    cd /Users/victor/Documents/Dev/Photo\ Swiping\ App/Prune/Prune.xcodeproj
    /Applications/Xcode.app/Contents/Developer/Toolchains/XcodeDefault.xctoolchain/usr/bin/clang-stat-cache /Applications/Xcode.app/Contents/Developer/Platforms/iPhoneOS.platform/Developer/SDKs/iPhoneOS26.1.sdk -o /Users/victor/Library/Developer/Xcode/DerivedData/SDKStatCaches.noindex/iphoneos26.1-23B77-69b33fc7382b27d9b5d46e82a00f8e78.sdkstatcache

ProcessInfoPlistFile /Users/victor/Library/Developer/Xcode/DerivedData/Prune-gfseusqpfpgnvwgqfcdramosyrme/Build/Products/Debug-iphoneos/Prune.app/Info.plist /Users/victor/Library/Developer/Xcode/DerivedData/Prune-gfseusqpfpgnvwgqfcdramosyrme/Build/Intermediates.noindex/Prune.build/Debug-iphoneos/Prune.build/empty-Prune.plist (in target 'Prune' from project 'Prune')
    cd /Users/victor/Documents/Dev/Photo\ Swiping\ App/Prune
    builtin-infoPlistUtility /Users/victor/Library/Developer/Xcode/DerivedData/Prune-gfseusqpfpgnvwgqfcdramosyrme/Build/Intermediates.noindex/Prune.build/Debug-iphoneos/Prune.build/empty-Prune.plist -producttype com.apple.product-type.application -genpkginfo /Users/victor/Library/Developer/Xcode/DerivedData/Prune-gfseusqpfpgnvwgqfcdramosyrme/Build/Products/Debug-iphoneos/Prune.app/PkgInfo -expandbuildsettings -format binary -platform iphoneos -additionalcontentfile /Users/victor/Library/Developer/Xcode/DerivedData/Prune-gfseusqpfpgnvwgqfcdramosyrme/Build/Intermediates.noindex/Prune.build/Debug-iphoneos/Prune.build/assetcatalog_generated_info.plist -requiredArchitecture arm64 -o /Users/victor/Library/Developer/Xcode/DerivedData/Prune-gfseusqpfpgnvwgqfcdramosyrme/Build/Products/Debug-iphoneos/Prune.app/Info.plist

SwiftDriver Prune normal arm64 com.apple.xcode.tools.swift.compiler (in target 'Prune' from project 'Prune')
    cd /Users/victor/Documents/Dev/Photo\ Swiping\ App/Prune
    builtin-SwiftDriver -- /Applications/Xcode.app/Contents/Developer/Toolchains/XcodeDefault.xctoolchain/usr/bin/swiftc -module-name Prune -Onone -enforce-exclusivity\=checked @/Users/victor/Library/Developer/Xcode/DerivedData/Prune-gfseusqpfpgnvwgqfcdramosyrme/Build/Intermediates.noindex/Prune.build/Debug-iphoneos/Prune.build/Objects-normal/arm64/Prune.SwiftFileList -DDEBUG -default-isolation\=MainActor -enable-bare-slash-regex -enable-upcoming-feature DisableOutwardActorInference -enable-upcoming-feature InferSendableFromCaptures -enable-upcoming-feature GlobalActorIsolatedTypesUsability -enable-upcoming-feature MemberImportVisibility -enable-upcoming-feature InferIsolatedConformances -enable-upcoming-feature NonisolatedNonsendingByDefault -enable-experimental-feature DebugDescriptionMacro -sdk /Applications/Xcode.app/Contents/Developer/Platforms/iPhoneOS.platform/Developer/SDKs/iPhoneOS26.1.sdk -target arm64-apple-ios26.1 -g -module-cache-path /Users/victor/Library/Developer/Xcode/DerivedData/ModuleCache.noindex -Xfrontend -serialize-debugging-options -enable-testing -index-store-path /Users/victor/Library/Developer/Xcode/DerivedData/Prune-gfseusqpfpgnvwgqfcdramosyrme/Index.noindex/DataStore -Xcc -D_LIBCPP_HARDENING_MODE\=_LIBCPP_HARDENING_MODE_DEBUG -swift-version 5 -I /Users/victor/Library/Developer/Xcode/DerivedData/Prune-gfseusqpfpgnvwgqfcdramosyrme/Build/Products/Debug-iphoneos -F /Users/victor/Library/Developer/Xcode/DerivedData/Prune-gfseusqpfpgnvwgqfcdramosyrme/Build/Products/Debug-iphoneos -emit-localized-strings -emit-localized-strings-path /Users/victor/Library/Developer/Xcode/DerivedData/Prune-gfseusqpfpgnvwgqfcdramosyrme/Build/Intermediates.noindex/Prune.build/Debug-iphoneos/Prune.build/Objects-normal/arm64 -c -j8 -enable-batch-mode -incremental -Xcc -ivfsstatcache -Xcc /Users/victor/Library/Developer/Xcode/DerivedData/SDKStatCaches.noindex/iphoneos26.1-23B77-69b33fc7382b27d9b5d46e82a00f8e78.sdkstatcache -output-file-map /Users/victor/Library/Developer/Xcode/DerivedData/Prune-gfseusqpfpgnvwgqfcdramosyrme/Build/Intermediates.noindex/Prune.build/Debug-iphoneos/Prune.build/Objects-normal/arm64/Prune-OutputFileMap.json -use-frontend-parseable-output -save-temps -no-color-diagnostics -explicit-module-build -module-cache-path /Users/victor/Library/Developer/Xcode/DerivedData/Prune-gfseusqpfpgnvwgqfcdramosyrme/Build/Intermediates.noindex/SwiftExplicitPrecompiledModules -clang-scanner-module-cache-path /Users/victor/Library/Developer/Xcode/DerivedData/ModuleCache.noindex -sdk-module-cache-path /Users/victor/Library/Developer/Xcode/DerivedData/ModuleCache.noindex -serialize-diagnostics -emit-dependencies -emit-module -emit-module-path /Users/victor/Library/Developer/Xcode/DerivedData/Prune-gfseusqpfpgnvwgqfcdramosyrme/Build/Intermediates.noindex/Prune.build/Debug-iphoneos/Prune.build/Objects-normal/arm64/Prune.swiftmodule -validate-clang-modules-once -clang-build-session-file /Users/victor/Library/Developer/Xcode/DerivedData/ModuleCache.noindex/Session.modulevalidation -Xcc -I/Users/victor/Library/Developer/Xcode/DerivedData/Prune-gfseusqpfpgnvwgqfcdramosyrme/Build/Intermediates.noindex/Prune.build/Debug-iphoneos/Prune.build/swift-overrides.hmap -emit-const-values -Xfrontend -const-gather-protocols-file -Xfrontend /Users/victor/Library/Developer/Xcode/DerivedData/Prune-gfseusqpfpgnvwgqfcdramosyrme/Build/Intermediates.noindex/Prune.build/Debug-iphoneos/Prune.build/Objects-normal/arm64/Prune_const_extract_protocols.json -Xcc -iquote -Xcc /Users/victor/Library/Developer/Xcode/DerivedData/Prune-gfseusqpfpgnvwgqfcdramosyrme/Build/Intermediates.noindex/Prune.build/Debug-iphoneos/Prune.build/Prune-generated-files.hmap -Xcc -I/Users/victor/Library/Developer/Xcode/DerivedData/Prune-gfseusqpfpgnvwgqfcdramosyrme/Build/Intermediates.noindex/Prune.build/Debug-iphoneos/Prune.build/Prune-own-target-headers.hmap -Xcc -I/Users/victor/Library/Developer/Xcode/DerivedData/Prune-gfseusqpfpgnvwgqfcdramosyrme/Build/Intermediates.noindex/Prune.build/Debug-iphoneos/Prune.build/Prune-all-target-headers.hmap -Xcc -iquote -Xcc /Users/victor/Library/Developer/Xcode/DerivedData/Prune-gfseusqpfpgnvwgqfcdramosyrme/Build/Intermediates.noindex/Prune.build/Debug-iphoneos/Prune.build/Prune-project-headers.hmap -Xcc -I/Users/victor/Library/Developer/Xcode/DerivedData/Prune-gfseusqpfpgnvwgqfcdramosyrme/Build/Products/Debug-iphoneos/include -Xcc -I/Users/victor/Library/Developer/Xcode/DerivedData/Prune-gfseusqpfpgnvwgqfcdramosyrme/Build/Intermediates.noindex/Prune.build/Debug-iphoneos/Prune.build/DerivedSources-normal/arm64 -Xcc -I/Users/victor/Library/Developer/Xcode/DerivedData/Prune-gfseusqpfpgnvwgqfcdramosyrme/Build/Intermediates.noindex/Prune.build/Debug-iphoneos/Prune.build/DerivedSources/arm64 -Xcc -I/Users/victor/Library/Developer/Xcode/DerivedData/Prune-gfseusqpfpgnvwgqfcdramosyrme/Build/Intermediates.noindex/Prune.build/Debug-iphoneos/Prune.build/DerivedSources -Xcc -DDEBUG\=1 -emit-objc-header -emit-objc-header-path /Users/victor/Library/Developer/Xcode/DerivedData/Prune-gfseusqpfpgnvwgqfcdramosyrme/Build/Intermediates.noindex/Prune.build/Debug-iphoneos/Prune.build/Objects-normal/arm64/Prune-Swift.h -working-directory /Users/victor/Documents/Dev/Photo\ Swiping\ App/Prune -experimental-emit-module-separately -disable-cmo

SwiftCompile normal arm64 Compiling\ AnalyticsService.swift,\ PhotoLibraryService.swift /Users/victor/Documents/Dev/Photo\ Swiping\ App/Prune/Prune/Services/AnalyticsService.swift /Users/victor/Documents/Dev/Photo\ Swiping\ App/Prune/Prune/Services/PhotoLibraryService.swift (in target 'Prune' from project 'Prune')

SwiftCompile normal arm64 /Users/victor/Documents/Dev/Photo\ Swiping\ App/Prune/Prune/Services/AnalyticsService.swift (in target 'Prune' from project 'Prune')
    cd /Users/victor/Documents/Dev/Photo\ Swiping\ App/Prune
    

SwiftCompile normal arm64 /Users/victor/Documents/Dev/Photo\ Swiping\ App/Prune/Prune/Services/PhotoLibraryService.swift (in target 'Prune' from project 'Prune')
    cd /Users/victor/Documents/Dev/Photo\ Swiping\ App/Prune
    
/Users/victor/Documents/Dev/Photo Swiping App/Prune/Prune/Services/PhotoLibraryService.swift:68:28: warning: immutable value 'locName' was never used; consider replacing with '_' or removing it
        case .location(let locName):
                       ~~~~^~~~~~~
                       _

SwiftCompile normal arm64 Compiling\ PruneApp.swift,\ PruneModels.swift /Users/victor/Documents/Dev/Photo\ Swiping\ App/Prune/Prune/App/PruneApp.swift /Users/victor/Documents/Dev/Photo\ Swiping\ App/Prune/Prune/Models/PruneModels.swift (in target 'Prune' from project 'Prune')

SwiftCompile normal arm64 /Users/victor/Documents/Dev/Photo\ Swiping\ App/Prune/Prune/App/PruneApp.swift (in target 'Prune' from project 'Prune')
    cd /Users/victor/Documents/Dev/Photo\ Swiping\ App/Prune
    

SwiftCompile normal arm64 /Users/victor/Documents/Dev/Photo\ Swiping\ App/Prune/Prune/Models/PruneModels.swift (in target 'Prune' from project 'Prune')
    cd /Users/victor/Documents/Dev/Photo\ Swiping\ App/Prune
    

SwiftCompile normal arm64 Compiling\ PurchaseService.swift /Users/victor/Documents/Dev/Photo\ Swiping\ App/Prune/Prune/Services/PurchaseService.swift (in target 'Prune' from project 'Prune')

SwiftCompile normal arm64 /Users/victor/Documents/Dev/Photo\ Swiping\ App/Prune/Prune/Services/PurchaseService.swift (in target 'Prune' from project 'Prune')
    cd /Users/victor/Documents/Dev/Photo\ Swiping\ App/Prune
    

SwiftEmitModule normal arm64 Emitting\ module\ for\ Prune (in target 'Prune' from project 'Prune')

EmitSwiftModule normal arm64 (in target 'Prune' from project 'Prune')
    cd /Users/victor/Documents/Dev/Photo\ Swiping\ App/Prune
    

SwiftCompile normal arm64 Compiling\ SwipeViewModel.swift /Users/victor/Documents/Dev/Photo\ Swiping\ App/Prune/Prune/ViewModels/SwipeViewModel.swift (in target 'Prune' from project 'Prune')
SwiftCompile normal arm64 /Users/victor/Documents/Dev/Photo\ Swiping\ App/Prune/Prune/ViewModels/SwipeViewModel.swift (in target 'Prune' from project 'Prune')
    cd /Users/victor/Documents/Dev/Photo\ Swiping\ App/Prune
    

SwiftCompile normal arm64 Compiling\ GeneratedAssetSymbols.swift /Users/victor/Library/Developer/Xcode/DerivedData/Prune-gfseusqpfpgnvwgqfcdramosyrme/Build/Intermediates.noindex/Prune.build/Debug-iphoneos/Prune.build/DerivedSources/GeneratedAssetSymbols.swift (in target 'Prune' from project 'Prune')

SwiftCompile normal arm64 /Users/victor/Library/Developer/Xcode/DerivedData/Prune-gfseusqpfpgnvwgqfcdramosyrme/Build/Intermediates.noindex/Prune.build/Debug-iphoneos/Prune.build/DerivedSources/GeneratedAssetSymbols.swift (in target 'Prune' from project 'Prune')
    cd /Users/victor/Documents/Dev/Photo\ Swiping\ App/Prune
    

SwiftCompile normal arm64 Compiling\ PaywallView.swift /Users/victor/Documents/Dev/Photo\ Swiping\ App/Prune/Prune/Views/Paywall/PaywallView.swift (in target 'Prune' from project 'Prune')

SwiftCompile normal arm64 /Users/victor/Documents/Dev/Photo\ Swiping\ App/Prune/Prune/Views/Paywall/PaywallView.swift (in target 'Prune' from project 'Prune')
    cd /Users/victor/Documents/Dev/Photo\ Swiping\ App/Prune
    

SwiftCompile normal arm64 Compiling\ HomeView.swift /Users/victor/Documents/Dev/Photo\ Swiping\ App/Prune/Prune/Views/Home/HomeView.swift (in target 'Prune' from project 'Prune')
Failed frontend command:
/Applications/Xcode.app/Contents/Developer/Toolchains/XcodeDefault.xctoolchain/usr/bin/swift-frontend -frontend -c /Users/victor/Documents/Dev/Photo\ Swiping\ App/Prune/Prune/App/PruneApp.swift /Users/victor/Documents/Dev/Photo\ Swiping\ App/Prune/Prune/Models/PruneModels.swift /Users/victor/Documents/Dev/Photo\ Swiping\ App/Prune/Prune/Services/AnalyticsService.swift /Users/victor/Documents/Dev/Photo\ Swiping\ App/Prune/Prune/Services/PhotoLibraryService.swift /Users/victor/Documents/Dev/Photo\ Swiping\ App/Prune/Prune/Services/PurchaseService.swift /Users/victor/Documents/Dev/Photo\ Swiping\ App/Prune/Prune/ViewModels/SwipeViewModel.swift -primary-file /Users/victor/Documents/Dev/Photo\ Swiping\ App/Prune/Prune/Views/Home/HomeView.swift /Users/victor/Documents/Dev/Photo\ Swiping\ App/Prune/Prune/Views/Paywall/PaywallView.swift /Users/victor/Documents/Dev/Photo\ Swiping\ App/Prune/Prune/Views/Swipe/SwipeDeckView.swift /Users/victor/Library/Developer/Xcode/DerivedData/Prune-gfseusqpfpgnvwgqfcdramosyrme/Build/Intermediates.noindex/Prune.build/Debug-iphoneos/Prune.build/DerivedSources/GeneratedAssetSymbols.swift -emit-dependencies-path /Users/victor/Library/Developer/Xcode/DerivedData/Prune-gfseusqpfpgnvwgqfcdramosyrme/Build/Intermediates.noindex/Prune.build/Debug-iphoneos/Prune.build/Objects-normal/arm64/HomeView.d -emit-const-values-path /Users/victor/Library/Developer/Xcode/DerivedData/Prune-gfseusqpfpgnvwgqfcdramosyrme/Build/Intermediates.noindex/Prune.build/Debug-iphoneos/Prune.build/Objects-normal/arm64/HomeView.swiftconstvalues -emit-reference-dependencies-path /Users/victor/Library/Developer/Xcode/DerivedData/Prune-gfseusqpfpgnvwgqfcdramosyrme/Build/Intermediates.noindex/Prune.build/Debug-iphoneos/Prune.build/Objects-normal/arm64/HomeView.swiftdeps -serialize-diagnostics-path /Users/victor/Library/Developer/Xcode/DerivedData/Prune-gfseusqpfpgnvwgqfcdramosyrme/Build/Intermediates.noindex/Prune.build/Debug-iphoneos/Prune.build/Objects-normal/arm64/HomeView.dia -emit-localized-strings -emit-localized-strings-path /Users/victor/Library/Developer/Xcode/DerivedData/Prune-gfseusqpfpgnvwgqfcdramosyrme/Build/Intermediates.noindex/Prune.build/Debug-iphoneos/Prune.build/Objects-normal/arm64 -target arm64-apple-ios26.1 -module-can-import-version DeveloperToolsSupport 23.0.4 23.0.4 -module-can-import-version SwiftUI 7.1.13.1 7.1.13 -module-can-import-version UIKit 9126.1.12.1 9126.1.12 -load-resolved-plugin /Applications/Xcode.app/Contents/Developer/Platforms/iPhoneOS.platform/Developer/usr/lib/swift/host/plugins/libFoundationMacros.dylib\#/Applications/Xcode.app/Contents/Developer/Platforms/iPhoneOS.platform/Developer/usr/bin/swift-plugin-server\#FoundationMacros -load-resolved-plugin /Applications/Xcode.app/Contents/Developer/Platforms/iPhoneOS.platform/Developer/usr/lib/swift/host/plugins/libObservationMacros.dylib\#/Applications/Xcode.app/Contents/Developer/Platforms/iPhoneOS.platform/Developer/usr/bin/swift-plugin-server\#ObservationMacros -load-resolved-plugin /Applications/Xcode.app/Contents/Developer/Platforms/iPhoneOS.platform/Developer/usr/lib/swift/host/plugins/libPreviewsMacros.dylib\#/Applications/Xcode.app/Contents/Developer/Platforms/iPhoneOS.platform/Developer/usr/bin/swift-plugin-server\#PreviewsMacros -load-resolved-plugin /Applications/Xcode.app/Contents/Developer/Platforms/iPhoneOS.platform/Developer/usr/lib/swift/host/plugins/libSwiftMacros.dylib\#/Applications/Xcode.app/Contents/Developer/Platforms/iPhoneOS.platform/Developer/usr/bin/swift-plugin-server\#SwiftMacros -load-resolved-plugin /Applications/Xcode.app/Contents/Developer/Platforms/iPhoneOS.platform/Developer/usr/lib/swift/host/plugins/libSwiftUIMacros.dylib\#/Applications/Xcode.app/Contents/Developer/Platforms/iPhoneOS.platform/Developer/usr/bin/swift-plugin-server\#SwiftUIMacros -disable-implicit-swift-modules -Xcc -fno-implicit-modules -Xcc -fno-implicit-module-maps -explicit-swift-module-map-file /Users/victor/Library/Developer/Xcode/DerivedData/Prune-gfseusqpfpgnvwgqfcdramosyrme/Build/Intermediates.noindex/Prune.build/Debug-iphoneos/Prune.build/Objects-normal/arm64/Prune-dependencies-1.json -Xllvm -aarch64-use-tbi -enable-objc-interop -stack-check -sdk /Applications/Xcode.app/Contents/Developer/Platforms/iPhoneOS.platform/Developer/SDKs/iPhoneOS26.1.sdk -I /Users/victor/Library/Developer/Xcode/DerivedData/Prune-gfseusqpfpgnvwgqfcdramosyrme/Build/Products/Debug-iphoneos -F /Users/victor/Library/Developer/Xcode/DerivedData/Prune-gfseusqpfpgnvwgqfcdramosyrme/Build/Products/Debug-iphoneos -no-color-diagnostics -Xcc -fno-color-diagnostics -enable-testing -g -debug-info-format\=dwarf -dwarf-version\=5 -module-cache-path /Users/victor/Library/Developer/Xcode/DerivedData/Prune-gfseusqpfpgnvwgqfcdramosyrme/Build/Intermediates.noindex/SwiftExplicitPrecompiledModules -swift-version 5 -enforce-exclusivity\=checked -Onone -D DEBUG -serialize-debugging-options -const-gather-protocols-file /Users/victor/Library/Developer/Xcode/DerivedData/Prune-gfseusqpfpgnvwgqfcdramosyrme/Build/Intermediates.noindex/Prune.build/Debug-iphoneos/Prune.build/Objects-normal/arm64/Prune_const_extract_protocols.json -enable-upcoming-feature DisableOutwardActorInference -enable-upcoming-feature InferSendableFromCaptures -enable-upcoming-feature GlobalActorIsolatedTypesUsability -enable-upcoming-feature MemberImportVisibility -enable-upcoming-feature InferIsolatedConformances -enable-upcoming-feature NonisolatedNonsendingByDefault -enable-experimental-feature DebugDescriptionMacro -enable-bare-slash-regex -default-isolation\=MainActor -empty-abi-descriptor -validate-clang-modules-once -clang-build-session-file /Users/victor/Library/Developer/Xcode/DerivedData/ModuleCache.noindex/Session.modulevalidation -Xcc -working-directory -Xcc /Users/victor/Documents/Dev/Photo\ Swiping\ App/Prune -enable-anonymous-context-mangled-names -file-compilation-dir /Users/victor/Documents/Dev/Photo\ Swiping\ App/Prune -Xcc -D_LIBCPP_HARDENING_MODE\=_LIBCPP_HARDENING_MODE_DEBUG -Xcc -ivfsstatcache -Xcc /Users/victor/Library/Developer/Xcode/DerivedData/SDKStatCaches.noindex/iphoneos26.1-23B77-69b33fc7382b27d9b5d46e82a00f8e78.sdkstatcache -Xcc -I/Users/victor/Library/Developer/Xcode/DerivedData/Prune-gfseusqpfpgnvwgqfcdramosyrme/Build/Intermediates.noindex/Prune.build/Debug-iphoneos/Prune.build/swift-overrides.hmap -Xcc -iquote -Xcc /Users/victor/Library/Developer/Xcode/DerivedData/Prune-gfseusqpfpgnvwgqfcdramosyrme/Build/Intermediates.noindex/Prune.build/Debug-iphoneos/Prune.build/Prune-generated-files.hmap -Xcc -I/Users/victor/Library/Developer/Xcode/DerivedData/Prune-gfseusqpfpgnvwgqfcdramosyrme/Build/Intermediates.noindex/Prune.build/Debug-iphoneos/Prune.build/Prune-own-target-headers.hmap -Xcc -I/Users/victor/Library/Developer/Xcode/DerivedData/Prune-gfseusqpfpgnvwgqfcdramosyrme/Build/Intermediates.noindex/Prune.build/Debug-iphoneos/Prune.build/Prune-all-target-headers.hmap -Xcc -iquote -Xcc /Users/victor/Library/Developer/Xcode/DerivedData/Prune-gfseusqpfpgnvwgqfcdramosyrme/Build/Intermediates.noindex/Prune.build/Debug-iphoneos/Prune.build/Prune-project-headers.hmap -Xcc -I/Users/victor/Library/Developer/Xcode/DerivedData/Prune-gfseusqpfpgnvwgqfcdramosyrme/Build/Products/Debug-iphoneos/include -Xcc -I/Users/victor/Library/Developer/Xcode/DerivedData/Prune-gfseusqpfpgnvwgqfcdramosyrme/Build/Intermediates.noindex/Prune.build/Debug-iphoneos/Prune.build/DerivedSources-normal/arm64 -Xcc -I/Users/victor/Library/Developer/Xcode/DerivedData/Prune-gfseusqpfpgnvwgqfcdramosyrme/Build/Intermediates.noindex/Prune.build/Debug-iphoneos/Prune.build/DerivedSources/arm64 -Xcc -I/Users/victor/Library/Developer/Xcode/DerivedData/Prune-gfseusqpfpgnvwgqfcdramosyrme/Build/Intermediates.noindex/Prune.build/Debug-iphoneos/Prune.build/DerivedSources -Xcc -DDEBUG\=1 -no-auto-bridging-header-chaining -module-name Prune -frontend-parseable-output -disable-clang-spi -target-sdk-version 26.1 -target-sdk-name iphoneos26.1 -clang-target arm64-apple-ios26.1 -in-process-plugin-server-path /Applications/Xcode.app/Contents/Developer/Toolchains/XcodeDefault.xctoolchain/usr/lib/swift/host/libSwiftInProcPluginServer.dylib -o /Users/victor/Library/Developer/Xcode/DerivedData/Prune-gfseusqpfpgnvwgqfcdramosyrme/Build/Intermediates.noindex/Prune.build/Debug-iphoneos/Prune.build/Objects-normal/arm64/HomeView.o -index-unit-output-path /Prune.build/Debug-iphoneos/Prune.build/Objects-normal/arm64/HomeView.o -index-store-path /Users/victor/Library/Developer/Xcode/DerivedData/Prune-gfseusqpfpgnvwgqfcdramosyrme/Index.noindex/DataStore -index-system-modules

SwiftCompile normal arm64 /Users/victor/Documents/Dev/Photo\ Swiping\ App/Prune/Prune/Views/Home/HomeView.swift (in target 'Prune' from project 'Prune')
    cd /Users/victor/Documents/Dev/Photo\ Swiping\ App/Prune
    
/Users/victor/Documents/Dev/Photo Swiping App/Prune/Prune/Views/Home/HomeView.swift:54:54: error: enum case 'notDetermined' is not available due to missing import of defining module 'Photos'
                if photoService.permissionStatus == .notDetermined {
                                                     ^
/Users/victor/Documents/Dev/Photo Swiping App/Prune/Prune/Views/Home/HomeView.swift:2:1: note: add import of module 'Photos'

^

SwiftCompile normal arm64 Compiling\ SwipeDeckView.swift /Users/victor/Documents/Dev/Photo\ Swiping\ App/Prune/Prune/Views/Swipe/SwipeDeckView.swift (in target 'Prune' from project 'Prune')

SwiftCompile normal arm64 /Users/victor/Documents/Dev/Photo\ Swiping\ App/Prune/Prune/Views/Swipe/SwipeDeckView.swift (in target 'Prune' from project 'Prune')
    cd /Users/victor/Documents/Dev/Photo\ Swiping\ App/Prune
    

SwiftDriverJobDiscovery normal arm64 Emitting module for Prune (in target 'Prune' from project 'Prune')

SwiftDriver\ Compilation\ Requirements Prune normal arm64 com.apple.xcode.tools.swift.compiler (in target 'Prune' from project 'Prune')
    cd /Users/victor/Documents/Dev/Photo\ Swiping\ App/Prune
    builtin-Swift-Compilation-Requirements -- /Applications/Xcode.app/Contents/Developer/Toolchains/XcodeDefault.xctoolchain/usr/bin/swiftc -module-name Prune -Onone -enforce-exclusivity\=checked @/Users/victor/Library/Developer/Xcode/DerivedData/Prune-gfseusqpfpgnvwgqfcdramosyrme/Build/Intermediates.noindex/Prune.build/Debug-iphoneos/Prune.build/Objects-normal/arm64/Prune.SwiftFileList -DDEBUG -default-isolation\=MainActor -enable-bare-slash-regex -enable-upcoming-feature DisableOutwardActorInference -enable-upcoming-feature InferSendableFromCaptures -enable-upcoming-feature GlobalActorIsolatedTypesUsability -enable-upcoming-feature MemberImportVisibility -enable-upcoming-feature InferIsolatedConformances -enable-upcoming-feature NonisolatedNonsendingByDefault -enable-experimental-feature DebugDescriptionMacro -sdk /Applications/Xcode.app/Contents/Developer/Platforms/iPhoneOS.platform/Developer/SDKs/iPhoneOS26.1.sdk -target arm64-apple-ios26.1 -g -module-cache-path /Users/victor/Library/Developer/Xcode/DerivedData/ModuleCache.noindex -Xfrontend -serialize-debugging-options -enable-testing -index-store-path /Users/victor/Library/Developer/Xcode/DerivedData/Prune-gfseusqpfpgnvwgqfcdramosyrme/Index.noindex/DataStore -Xcc -D_LIBCPP_HARDENING_MODE\=_LIBCPP_HARDENING_MODE_DEBUG -swift-version 5 -I /Users/victor/Library/Developer/Xcode/DerivedData/Prune-gfseusqpfpgnvwgqfcdramosyrme/Build/Products/Debug-iphoneos -F /Users/victor/Library/Developer/Xcode/DerivedData/Prune-gfseusqpfpgnvwgqfcdramosyrme/Build/Products/Debug-iphoneos -emit-localized-strings -emit-localized-strings-path /Users/victor/Library/Developer/Xcode/DerivedData/Prune-gfseusqpfpgnvwgqfcdramosyrme/Build/Intermediates.noindex/Prune.build/Debug-iphoneos/Prune.build/Objects-normal/arm64 -c -j8 -enable-batch-mode -incremental -Xcc -ivfsstatcache -Xcc /Users/victor/Library/Developer/Xcode/DerivedData/SDKStatCaches.noindex/iphoneos26.1-23B77-69b33fc7382b27d9b5d46e82a00f8e78.sdkstatcache -output-file-map /Users/victor/Library/Developer/Xcode/DerivedData/Prune-gfseusqpfpgnvwgqfcdramosyrme/Build/Intermediates.noindex/Prune.build/Debug-iphoneos/Prune.build/Objects-normal/arm64/Prune-OutputFileMap.json -use-frontend-parseable-output -save-temps -no-color-diagnostics -explicit-module-build -module-cache-path /Users/victor/Library/Developer/Xcode/DerivedData/Prune-gfseusqpfpgnvwgqfcdramosyrme/Build/Intermediates.noindex/SwiftExplicitPrecompiledModules -clang-scanner-module-cache-path /Users/victor/Library/Developer/Xcode/DerivedData/ModuleCache.noindex -sdk-module-cache-path /Users/victor/Library/Developer/Xcode/DerivedData/ModuleCache.noindex -serialize-diagnostics -emit-dependencies -emit-module -emit-module-path /Users/victor/Library/Developer/Xcode/DerivedData/Prune-gfseusqpfpgnvwgqfcdramosyrme/Build/Intermediates.noindex/Prune.build/Debug-iphoneos/Prune.build/Objects-normal/arm64/Prune.swiftmodule -validate-clang-modules-once -clang-build-session-file /Users/victor/Library/Developer/Xcode/DerivedData/ModuleCache.noindex/Session.modulevalidation -Xcc -I/Users/victor/Library/Developer/Xcode/DerivedData/Prune-gfseusqpfpgnvwgqfcdramosyrme/Build/Intermediates.noindex/Prune.build/Debug-iphoneos/Prune.build/swift-overrides.hmap -emit-const-values -Xfrontend -const-gather-protocols-file -Xfrontend /Users/victor/Library/Developer/Xcode/DerivedData/Prune-gfseusqpfpgnvwgqfcdramosyrme/Build/Intermediates.noindex/Prune.build/Debug-iphoneos/Prune.build/Objects-normal/arm64/Prune_const_extract_protocols.json -Xcc -iquote -Xcc /Users/victor/Library/Developer/Xcode/DerivedData/Prune-gfseusqpfpgnvwgqfcdramosyrme/Build/Intermediates.noindex/Prune.build/Debug-iphoneos/Prune.build/Prune-generated-files.hmap -Xcc -I/Users/victor/Library/Developer/Xcode/DerivedData/Prune-gfseusqpfpgnvwgqfcdramosyrme/Build/Intermediates.noindex/Prune.build/Debug-iphoneos/Prune.build/Prune-own-target-headers.hmap -Xcc -I/Users/victor/Library/Developer/Xcode/DerivedData/Prune-gfseusqpfpgnvwgqfcdramosyrme/Build/Intermediates.noindex/Prune.build/Debug-iphoneos/Prune.build/Prune-all-target-headers.hmap -Xcc -iquote -Xcc /Users/victor/Library/Developer/Xcode/DerivedData/Prune-gfseusqpfpgnvwgqfcdramosyrme/Build/Intermediates.noindex/Prune.build/Debug-iphoneos/Prune.build/Prune-project-headers.hmap -Xcc -I/Users/victor/Library/Developer/Xcode/DerivedData/Prune-gfseusqpfpgnvwgqfcdramosyrme/Build/Products/Debug-iphoneos/include -Xcc -I/Users/victor/Library/Developer/Xcode/DerivedData/Prune-gfseusqpfpgnvwgqfcdramosyrme/Build/Intermediates.noindex/Prune.build/Debug-iphoneos/Prune.build/DerivedSources-normal/arm64 -Xcc -I/Users/victor/Library/Developer/Xcode/DerivedData/Prune-gfseusqpfpgnvwgqfcdramosyrme/Build/Intermediates.noindex/Prune.build/Debug-iphoneos/Prune.build/DerivedSources/arm64 -Xcc -I/Users/victor/Library/Developer/Xcode/DerivedData/Prune-gfseusqpfpgnvwgqfcdramosyrme/Build/Intermediates.noindex/Prune.build/Debug-iphoneos/Prune.build/DerivedSources -Xcc -DDEBUG\=1 -emit-objc-header -emit-objc-header-path /Users/victor/Library/Developer/Xcode/DerivedData/Prune-gfseusqpfpgnvwgqfcdramosyrme/Build/Intermediates.noindex/Prune.build/Debug-iphoneos/Prune.build/Objects-normal/arm64/Prune-Swift.h -working-directory /Users/victor/Documents/Dev/Photo\ Swiping\ App/Prune -experimental-emit-module-separately -disable-cmo

SwiftDriverJobDiscovery normal arm64 Compiling GeneratedAssetSymbols.swift (in target 'Prune' from project 'Prune')

SwiftMergeGeneratedHeaders /Users/victor/Library/Developer/Xcode/DerivedData/Prune-gfseusqpfpgnvwgqfcdramosyrme/Build/Intermediates.noindex/Prune.build/Debug-iphoneos/Prune.build/DerivedSources/Prune-Swift.h /Users/victor/Library/Developer/Xcode/DerivedData/Prune-gfseusqpfpgnvwgqfcdramosyrme/Build/Intermediates.noindex/Prune.build/Debug-iphoneos/Prune.build/Objects-normal/arm64/Prune-Swift.h (in target 'Prune' from project 'Prune')
    cd /Users/victor/Documents/Dev/Photo\ Swiping\ App/Prune
    builtin-swiftHeaderTool -arch arm64 /Users/victor/Library/Developer/Xcode/DerivedData/Prune-gfseusqpfpgnvwgqfcdramosyrme/Build/Intermediates.noindex/Prune.build/Debug-iphoneos/Prune.build/Objects-normal/arm64/Prune-Swift.h -o /Users/victor/Library/Developer/Xcode/DerivedData/Prune-gfseusqpfpgnvwgqfcdramosyrme/Build/Intermediates.noindex/Prune.build/Debug-iphoneos/Prune.build/DerivedSources/Prune-Swift.h

Copy /Users/victor/Library/Developer/Xcode/DerivedData/Prune-gfseusqpfpgnvwgqfcdramosyrme/Build/Products/Debug-iphoneos/Prune.swiftmodule/arm64-apple-ios.swiftmodule /Users/victor/Library/Developer/Xcode/DerivedData/Prune-gfseusqpfpgnvwgqfcdramosyrme/Build/Intermediates.noindex/Prune.build/Debug-iphoneos/Prune.build/Objects-normal/arm64/Prune.swiftmodule (in target 'Prune' from project 'Prune')
    cd /Users/victor/Documents/Dev/Photo\ Swiping\ App/Prune
    builtin-copy -exclude .DS_Store -exclude CVS -exclude .svn -exclude .git -exclude .hg -resolve-src-symlinks -rename /Users/victor/Library/Developer/Xcode/DerivedData/Prune-gfseusqpfpgnvwgqfcdramosyrme/Build/Intermediates.noindex/Prune.build/Debug-iphoneos/Prune.build/Objects-normal/arm64/Prune.swiftmodule /Users/victor/Library/Developer/Xcode/DerivedData/Prune-gfseusqpfpgnvwgqfcdramosyrme/Build/Products/Debug-iphoneos/Prune.swiftmodule/arm64-apple-ios.swiftmodule

Copy /Users/victor/Library/Developer/Xcode/DerivedData/Prune-gfseusqpfpgnvwgqfcdramosyrme/Build/Products/Debug-iphoneos/Prune.swiftmodule/arm64-apple-ios.swiftdoc /Users/victor/Library/Developer/Xcode/DerivedData/Prune-gfseusqpfpgnvwgqfcdramosyrme/Build/Intermediates.noindex/Prune.build/Debug-iphoneos/Prune.build/Objects-normal/arm64/Prune.swiftdoc (in target 'Prune' from project 'Prune')
    cd /Users/victor/Documents/Dev/Photo\ Swiping\ App/Prune
    builtin-copy -exclude .DS_Store -exclude CVS -exclude .svn -exclude .git -exclude .hg -resolve-src-symlinks -rename /Users/victor/Library/Developer/Xcode/DerivedData/Prune-gfseusqpfpgnvwgqfcdramosyrme/Build/Intermediates.noindex/Prune.build/Debug-iphoneos/Prune.build/Objects-normal/arm64/Prune.swiftdoc /Users/victor/Library/Developer/Xcode/DerivedData/Prune-gfseusqpfpgnvwgqfcdramosyrme/Build/Products/Debug-iphoneos/Prune.swiftmodule/arm64-apple-ios.swiftdoc

Copy /Users/victor/Library/Developer/Xcode/DerivedData/Prune-gfseusqpfpgnvwgqfcdramosyrme/Build/Products/Debug-iphoneos/Prune.swiftmodule/arm64-apple-ios.abi.json /Users/victor/Library/Developer/Xcode/DerivedData/Prune-gfseusqpfpgnvwgqfcdramosyrme/Build/Intermediates.noindex/Prune.build/Debug-iphoneos/Prune.build/Objects-normal/arm64/Prune.abi.json (in target 'Prune' from project 'Prune')
    cd /Users/victor/Documents/Dev/Photo\ Swiping\ App/Prune
    builtin-copy -exclude .DS_Store -exclude CVS -exclude .svn -exclude .git -exclude .hg -resolve-src-symlinks -rename /Users/victor/Library/Developer/Xcode/DerivedData/Prune-gfseusqpfpgnvwgqfcdramosyrme/Build/Intermediates.noindex/Prune.build/Debug-iphoneos/Prune.build/Objects-normal/arm64/Prune.abi.json /Users/victor/Library/Developer/Xcode/DerivedData/Prune-gfseusqpfpgnvwgqfcdramosyrme/Build/Products/Debug-iphoneos/Prune.swiftmodule/arm64-apple-ios.abi.json

SwiftDriverJobDiscovery normal arm64 Compiling PurchaseService.swift (in target 'Prune' from project 'Prune')

Copy /Users/victor/Library/Developer/Xcode/DerivedData/Prune-gfseusqpfpgnvwgqfcdramosyrme/Build/Products/Debug-iphoneos/Prune.swiftmodule/Project/arm64-apple-ios.swiftsourceinfo /Users/victor/Library/Developer/Xcode/DerivedData/Prune-gfseusqpfpgnvwgqfcdramosyrme/Build/Intermediates.noindex/Prune.build/Debug-iphoneos/Prune.build/Objects-normal/arm64/Prune.swiftsourceinfo (in target 'Prune' from project 'Prune')
    cd /Users/victor/Documents/Dev/Photo\ Swiping\ App/Prune
    builtin-copy -exclude .DS_Store -exclude CVS -exclude .svn -exclude .git -exclude .hg -resolve-src-symlinks -rename /Users/victor/Library/Developer/Xcode/DerivedData/Prune-gfseusqpfpgnvwgqfcdramosyrme/Build/Intermediates.noindex/Prune.build/Debug-iphoneos/Prune.build/Objects-normal/arm64/Prune.swiftsourceinfo /Users/victor/Library/Developer/Xcode/DerivedData/Prune-gfseusqpfpgnvwgqfcdramosyrme/Build/Products/Debug-iphoneos/Prune.swiftmodule/Project/arm64-apple-ios.swiftsourceinfo

SwiftDriverJobDiscovery normal arm64 Compiling PruneApp.swift, PruneModels.swift (in target 'Prune' from project 'Prune')

** BUILD FAILED **


The following build commands failed:
	SwiftCompile normal arm64 Compiling\ HomeView.swift /Users/victor/Documents/Dev/Photo\ Swiping\ App/Prune/Prune/Views/Home/HomeView.swift (in target 'Prune' from project 'Prune')
	SwiftCompile normal arm64 /Users/victor/Documents/Dev/Photo\ Swiping\ App/Prune/Prune/Views/Home/HomeView.swift (in target 'Prune' from project 'Prune')
	Building project Prune with scheme Prune
(3 failures)
