Command line invocation:
    /Applications/Xcode.app/Contents/Developer/usr/bin/xcodebuild -project Prune/Prune.xcodeproj -scheme Prune -destination generic/platform=iOS build

Resolve Package Graph


Resolved source packages:
  RevenueCat: https://github.com/RevenueCat/purchases-ios-spm.git @ 5.54.0
  GoogleMobileAds: https://github.com/googleads/swift-package-manager-google-mobile-ads.git @ 12.14.0
  GoogleUserMessagingPlatform: https://github.com/googleads/swift-package-manager-google-user-messaging-platform.git @ 3.1.0

ComputePackagePrebuildTargetDependencyGraph

Prepare packages

CreateBuildRequest

SendProjectDescription

CreateBuildOperation

ComputeTargetDependencyGraph
note: Building targets in dependency order
note: Target dependency graph (11 targets)
    Target 'Prune' in project 'Prune'
        ➜ Explicit dependency on target 'GoogleMobileAds' in project 'GoogleMobileAds'
        ➜ Explicit dependency on target 'RevenueCatUI' in project 'RevenueCat'
        ➜ Explicit dependency on target 'RevenueCat' in project 'RevenueCat'
    Target 'RevenueCat' in project 'RevenueCat'
        ➜ Explicit dependency on target 'RevenueCat' in project 'RevenueCat'
        ➜ Explicit dependency on target 'RevenueCat_RevenueCat' in project 'RevenueCat'
    Target 'RevenueCatUI' in project 'RevenueCat'
        ➜ Explicit dependency on target 'RevenueCatUI' in project 'RevenueCat'
        ➜ Explicit dependency on target 'RevenueCat_RevenueCatUI' in project 'RevenueCat'
        ➜ Explicit dependency on target 'RevenueCat' in project 'RevenueCat'
    Target 'RevenueCatUI' in project 'RevenueCat'
        ➜ Explicit dependency on target 'RevenueCat_RevenueCatUI' in project 'RevenueCat'
        ➜ Explicit dependency on target 'RevenueCat' in project 'RevenueCat'
    Target 'RevenueCat' in project 'RevenueCat'
        ➜ Explicit dependency on target 'RevenueCat_RevenueCat' in project 'RevenueCat'
    Target 'RevenueCat_RevenueCat' in project 'RevenueCat' (no dependencies)
    Target 'RevenueCat_RevenueCatUI' in project 'RevenueCat' (no dependencies)
    Target 'GoogleMobileAds' in project 'GoogleMobileAds'
        ➜ Explicit dependency on target 'GoogleMobileAdsTarget' in project 'GoogleMobileAds'
        ➜ Explicit dependency on target 'GoogleUserMessagingPlatform' in project 'GoogleUserMessagingPlatform'
    Target 'GoogleMobileAdsTarget' in project 'GoogleMobileAds'
        ➜ Explicit dependency on target 'GoogleUserMessagingPlatform' in project 'GoogleUserMessagingPlatform'
    Target 'GoogleUserMessagingPlatform' in project 'GoogleUserMessagingPlatform'
        ➜ Explicit dependency on target 'UserMessagingPlatformTarget' in project 'GoogleUserMessagingPlatform'
    Target 'UserMessagingPlatformTarget' in project 'GoogleUserMessagingPlatform' (no dependencies)

GatherProvisioningInputs

CreateBuildDescription

ExecuteExternalTool /Applications/Xcode.app/Contents/Developer/Toolchains/XcodeDefault.xctoolchain/usr/bin/swiftc --version

ExecuteExternalTool /Applications/Xcode.app/Contents/Developer/Toolchains/XcodeDefault.xctoolchain/usr/bin/clang -v -E -dM -arch arm64 -isysroot /Applications/Xcode.app/Contents/Developer/Platforms/iPhoneOS.platform/Developer/SDKs/iPhoneOS26.1.sdk -x objective-c -c /dev/null

ExecuteExternalTool /Applications/Xcode.app/Contents/Developer/Toolchains/XcodeDefault.xctoolchain/usr/bin/clang -v -E -dM -isysroot /Applications/Xcode.app/Contents/Developer/Platforms/iPhoneOS.platform/Developer/SDKs/iPhoneOS26.1.sdk -x c -c /dev/null

ExecuteExternalTool /Applications/Xcode.app/Contents/Developer/usr/bin/actool --version --output-format xml1

ExecuteExternalTool /Applications/Xcode.app/Contents/Developer/usr/bin/actool --print-asset-tag-combinations --output-format xml1 /Users/victor/Documents/Dev/Photo Swiping App/Prune/Prune/Assets.xcassets

ExecuteExternalTool /Applications/Xcode.app/Contents/Developer/Toolchains/XcodeDefault.xctoolchain/usr/bin/clang -v -E -dM -arch arm64 -isysroot /Applications/Xcode.app/Contents/Developer/Platforms/iPhoneOS.platform/Developer/SDKs/iPhoneOS26.1.sdk -x c -c /dev/null

ExecuteExternalTool /Applications/Xcode.app/Contents/Developer/Toolchains/XcodeDefault.xctoolchain/usr/bin/ld -version_details

ReadFileContents /Applications/Xcode.app/Contents/Developer/Toolchains/XcodeDefault.xctoolchain/usr/share/docc/features.json

Build description signature: 68937154601555b1ac7701da6acada0e
Build description path: /Users/victor/Library/Developer/Xcode/DerivedData/Prune-gfseusqpfpgnvwgqfcdramosyrme/Build/Intermediates.noindex/XCBuildData/68937154601555b1ac7701da6acada0e.xcbuilddata
ClangStatCache /Applications/Xcode.app/Contents/Developer/Toolchains/XcodeDefault.xctoolchain/usr/bin/clang-stat-cache /Applications/Xcode.app/Contents/Developer/Platforms/iPhoneOS.platform/Developer/SDKs/iPhoneOS26.1.sdk /Users/victor/Library/Developer/Xcode/DerivedData/SDKStatCaches.noindex/iphoneos26.1-23B77-69b33fc7382b27d9b5d46e82a00f8e78.sdkstatcache
    cd /Users/victor/Documents/Dev/Photo\ Swiping\ App/Prune/Prune.xcodeproj
    /Applications/Xcode.app/Contents/Developer/Toolchains/XcodeDefault.xctoolchain/usr/bin/clang-stat-cache /Applications/Xcode.app/Contents/Developer/Platforms/iPhoneOS.platform/Developer/SDKs/iPhoneOS26.1.sdk -o /Users/victor/Library/Developer/Xcode/DerivedData/SDKStatCaches.noindex/iphoneos26.1-23B77-69b33fc7382b27d9b5d46e82a00f8e78.sdkstatcache

ProcessInfoPlistFile /Users/victor/Library/Developer/Xcode/DerivedData/Prune-gfseusqpfpgnvwgqfcdramosyrme/Build/Products/Debug-iphoneos/RevenueCat_RevenueCat.bundle/Info.plist /Users/victor/Library/Developer/Xcode/DerivedData/Prune-gfseusqpfpgnvwgqfcdramosyrme/Build/Intermediates.noindex/RevenueCat.build/Debug-iphoneos/RevenueCat_RevenueCat.build/empty-RevenueCat_RevenueCat.plist (in target 'RevenueCat_RevenueCat' from project 'RevenueCat')
    cd /Users/victor/Library/Developer/Xcode/DerivedData/Prune-gfseusqpfpgnvwgqfcdramosyrme/SourcePackages/checkouts/purchases-ios-spm
    builtin-infoPlistUtility /Users/victor/Library/Developer/Xcode/DerivedData/Prune-gfseusqpfpgnvwgqfcdramosyrme/Build/Intermediates.noindex/RevenueCat.build/Debug-iphoneos/RevenueCat_RevenueCat.build/empty-RevenueCat_RevenueCat.plist -producttype com.apple.product-type.bundle -expandbuildsettings -format binary -platform iphoneos -requiredArchitecture arm64 -o /Users/victor/Library/Developer/Xcode/DerivedData/Prune-gfseusqpfpgnvwgqfcdramosyrme/Build/Products/Debug-iphoneos/RevenueCat_RevenueCat.bundle/Info.plist

ProcessInfoPlistFile /Users/victor/Library/Developer/Xcode/DerivedData/Prune-gfseusqpfpgnvwgqfcdramosyrme/Build/Products/Debug-iphoneos/RevenueCat_RevenueCatUI.bundle/Info.plist /Users/victor/Library/Developer/Xcode/DerivedData/Prune-gfseusqpfpgnvwgqfcdramosyrme/Build/Intermediates.noindex/RevenueCat.build/Debug-iphoneos/RevenueCat_RevenueCatUI.build/empty-RevenueCat_RevenueCatUI.plist (in target 'RevenueCat_RevenueCatUI' from project 'RevenueCat')
    cd /Users/victor/Library/Developer/Xcode/DerivedData/Prune-gfseusqpfpgnvwgqfcdramosyrme/SourcePackages/checkouts/purchases-ios-spm
    builtin-infoPlistUtility /Users/victor/Library/Developer/Xcode/DerivedData/Prune-gfseusqpfpgnvwgqfcdramosyrme/Build/Intermediates.noindex/RevenueCat.build/Debug-iphoneos/RevenueCat_RevenueCatUI.build/empty-RevenueCat_RevenueCatUI.plist -producttype com.apple.product-type.bundle -expandbuildsettings -format binary -platform iphoneos -additionalcontentfile /Users/victor/Library/Developer/Xcode/DerivedData/Prune-gfseusqpfpgnvwgqfcdramosyrme/Build/Intermediates.noindex/RevenueCat.build/Debug-iphoneos/RevenueCat_RevenueCatUI.build/assetcatalog_generated_info.plist -requiredArchitecture arm64 -o /Users/victor/Library/Developer/Xcode/DerivedData/Prune-gfseusqpfpgnvwgqfcdramosyrme/Build/Products/Debug-iphoneos/RevenueCat_RevenueCatUI.bundle/Info.plist

ProcessProductPackaging "" /Users/victor/Library/Developer/Xcode/DerivedData/Prune-gfseusqpfpgnvwgqfcdramosyrme/Build/Intermediates.noindex/Prune.build/Debug-iphoneos/Prune.build/Prune.app.xcent (in target 'Prune' from project 'Prune')
    cd /Users/victor/Documents/Dev/Photo\ Swiping\ App/Prune
    
    Entitlements:
    
    {
    "application-identifier" = "CAYXPWAU93.com.isotropicstudios.Prune";
    "com.apple.developer.team-identifier" = CAYXPWAU93;
    "get-task-allow" = 1;
}
    
    builtin-productPackagingUtility -entitlements -format xml -o /Users/victor/Library/Developer/Xcode/DerivedData/Prune-gfseusqpfpgnvwgqfcdramosyrme/Build/Intermediates.noindex/Prune.build/Debug-iphoneos/Prune.build/Prune.app.xcent

ProcessProductPackagingDER /Users/victor/Library/Developer/Xcode/DerivedData/Prune-gfseusqpfpgnvwgqfcdramosyrme/Build/Intermediates.noindex/Prune.build/Debug-iphoneos/Prune.build/Prune.app.xcent /Users/victor/Library/Developer/Xcode/DerivedData/Prune-gfseusqpfpgnvwgqfcdramosyrme/Build/Intermediates.noindex/Prune.build/Debug-iphoneos/Prune.build/Prune.app.xcent.der (in target 'Prune' from project 'Prune')
    cd /Users/victor/Documents/Dev/Photo\ Swiping\ App/Prune
    /usr/bin/derq query -f xml -i /Users/victor/Library/Developer/Xcode/DerivedData/Prune-gfseusqpfpgnvwgqfcdramosyrme/Build/Intermediates.noindex/Prune.build/Debug-iphoneos/Prune.build/Prune.app.xcent -o /Users/victor/Library/Developer/Xcode/DerivedData/Prune-gfseusqpfpgnvwgqfcdramosyrme/Build/Intermediates.noindex/Prune.build/Debug-iphoneos/Prune.build/Prune.app.xcent.der --raw

SwiftDriver Prune normal arm64 com.apple.xcode.tools.swift.compiler (in target 'Prune' from project 'Prune')
    cd /Users/victor/Documents/Dev/Photo\ Swiping\ App/Prune
    builtin-SwiftDriver -- /Applications/Xcode.app/Contents/Developer/Toolchains/XcodeDefault.xctoolchain/usr/bin/swiftc -module-name Prune -Onone -enforce-exclusivity\=checked @/Users/victor/Library/Developer/Xcode/DerivedData/Prune-gfseusqpfpgnvwgqfcdramosyrme/Build/Intermediates.noindex/Prune.build/Debug-iphoneos/Prune.build/Objects-normal/arm64/Prune.SwiftFileList -DDEBUG -Xcc -fmodule-map-file\=/Users/victor/Library/Developer/Xcode/DerivedData/Prune-gfseusqpfpgnvwgqfcdramosyrme/Build/Intermediates.noindex/GeneratedModuleMaps-iphoneos/UserMessagingPlatformTarget.modulemap -default-isolation\=MainActor -enable-bare-slash-regex -enable-upcoming-feature DisableOutwardActorInference -enable-upcoming-feature InferSendableFromCaptures -enable-upcoming-feature GlobalActorIsolatedTypesUsability -enable-upcoming-feature MemberImportVisibility -enable-upcoming-feature InferIsolatedConformances -enable-upcoming-feature NonisolatedNonsendingByDefault -enable-experimental-feature DebugDescriptionMacro -sdk /Applications/Xcode.app/Contents/Developer/Platforms/iPhoneOS.platform/Developer/SDKs/iPhoneOS26.1.sdk -target arm64-apple-ios26.1 -g -module-cache-path /Users/victor/Library/Developer/Xcode/DerivedData/ModuleCache.noindex -Xfrontend -serialize-debugging-options -enable-testing -index-store-path /Users/victor/Library/Developer/Xcode/DerivedData/Prune-gfseusqpfpgnvwgqfcdramosyrme/Index.noindex/DataStore -Xcc -D_LIBCPP_HARDENING_MODE\=_LIBCPP_HARDENING_MODE_DEBUG -swift-version 5 -I /Users/victor/Library/Developer/Xcode/DerivedData/Prune-gfseusqpfpgnvwgqfcdramosyrme/Build/Products/Debug-iphoneos -F /Users/victor/Library/Developer/Xcode/DerivedData/Prune-gfseusqpfpgnvwgqfcdramosyrme/Build/Products/Debug-iphoneos/PackageFrameworks -F /Users/victor/Library/Developer/Xcode/DerivedData/Prune-gfseusqpfpgnvwgqfcdramosyrme/Build/Products/Debug-iphoneos/PackageFrameworks -F /Users/victor/Library/Developer/Xcode/DerivedData/Prune-gfseusqpfpgnvwgqfcdramosyrme/Build/Products/Debug-iphoneos/PackageFrameworks -F /Users/victor/Library/Developer/Xcode/DerivedData/Prune-gfseusqpfpgnvwgqfcdramosyrme/Build/Products/Debug-iphoneos/PackageFrameworks -F /Users/victor/Library/Developer/Xcode/DerivedData/Prune-gfseusqpfpgnvwgqfcdramosyrme/Build/Products/Debug-iphoneos -emit-localized-strings -emit-localized-strings-path /Users/victor/Library/Developer/Xcode/DerivedData/Prune-gfseusqpfpgnvwgqfcdramosyrme/Build/Intermediates.noindex/Prune.build/Debug-iphoneos/Prune.build/Objects-normal/arm64 -c -j8 -enable-batch-mode -incremental -Xcc -ivfsstatcache -Xcc /Users/victor/Library/Developer/Xcode/DerivedData/SDKStatCaches.noindex/iphoneos26.1-23B77-69b33fc7382b27d9b5d46e82a00f8e78.sdkstatcache -output-file-map /Users/victor/Library/Developer/Xcode/DerivedData/Prune-gfseusqpfpgnvwgqfcdramosyrme/Build/Intermediates.noindex/Prune.build/Debug-iphoneos/Prune.build/Objects-normal/arm64/Prune-OutputFileMap.json -use-frontend-parseable-output -save-temps -no-color-diagnostics -explicit-module-build -module-cache-path /Users/victor/Library/Developer/Xcode/DerivedData/Prune-gfseusqpfpgnvwgqfcdramosyrme/Build/Intermediates.noindex/SwiftExplicitPrecompiledModules -clang-scanner-module-cache-path /Users/victor/Library/Developer/Xcode/DerivedData/ModuleCache.noindex -sdk-module-cache-path /Users/victor/Library/Developer/Xcode/DerivedData/ModuleCache.noindex -serialize-diagnostics -emit-dependencies -emit-module -emit-module-path /Users/victor/Library/Developer/Xcode/DerivedData/Prune-gfseusqpfpgnvwgqfcdramosyrme/Build/Intermediates.noindex/Prune.build/Debug-iphoneos/Prune.build/Objects-normal/arm64/Prune.swiftmodule -validate-clang-modules-once -clang-build-session-file /Users/victor/Library/Developer/Xcode/DerivedData/ModuleCache.noindex/Session.modulevalidation -Xcc -I/Users/victor/Library/Developer/Xcode/DerivedData/Prune-gfseusqpfpgnvwgqfcdramosyrme/Build/Intermediates.noindex/Prune.build/Debug-iphoneos/Prune.build/swift-overrides.hmap -emit-const-values -Xfrontend -const-gather-protocols-file -Xfrontend /Users/victor/Library/Developer/Xcode/DerivedData/Prune-gfseusqpfpgnvwgqfcdramosyrme/Build/Intermediates.noindex/Prune.build/Debug-iphoneos/Prune.build/Objects-normal/arm64/Prune_const_extract_protocols.json -Xcc -iquote -Xcc /Users/victor/Library/Developer/Xcode/DerivedData/Prune-gfseusqpfpgnvwgqfcdramosyrme/Build/Intermediates.noindex/Prune.build/Debug-iphoneos/Prune.build/Prune-generated-files.hmap -Xcc -I/Users/victor/Library/Developer/Xcode/DerivedData/Prune-gfseusqpfpgnvwgqfcdramosyrme/Build/Intermediates.noindex/Prune.build/Debug-iphoneos/Prune.build/Prune-own-target-headers.hmap -Xcc -I/Users/victor/Library/Developer/Xcode/DerivedData/Prune-gfseusqpfpgnvwgqfcdramosyrme/Build/Intermediates.noindex/Prune.build/Debug-iphoneos/Prune.build/Prune-all-non-framework-target-headers.hmap -Xcc -ivfsoverlay -Xcc /Users/victor/Library/Developer/Xcode/DerivedData/Prune-gfseusqpfpgnvwgqfcdramosyrme/Build/Intermediates.noindex/Prune.build/Debug-iphoneos/Prune-644fbb8f46d5598a6b6d0a16fd79c929-VFS-iphoneos/all-product-headers.yaml -Xcc -iquote -Xcc /Users/victor/Library/Developer/Xcode/DerivedData/Prune-gfseusqpfpgnvwgqfcdramosyrme/Build/Intermediates.noindex/Prune.build/Debug-iphoneos/Prune.build/Prune-project-headers.hmap -Xcc -I/Users/victor/Library/Developer/Xcode/DerivedData/Prune-gfseusqpfpgnvwgqfcdramosyrme/SourcePackages/checkouts/swift-package-manager-google-user-messaging-platform/UserMessagingPlatformTarget/include -Xcc -I/Users/victor/Library/Developer/Xcode/DerivedData/Prune-gfseusqpfpgnvwgqfcdramosyrme/Build/Products/Debug-iphoneos/include -Xcc -I/Users/victor/Library/Developer/Xcode/DerivedData/Prune-gfseusqpfpgnvwgqfcdramosyrme/Build/Intermediates.noindex/Prune.build/Debug-iphoneos/Prune.build/DerivedSources-normal/arm64 -Xcc -I/Users/victor/Library/Developer/Xcode/DerivedData/Prune-gfseusqpfpgnvwgqfcdramosyrme/Build/Intermediates.noindex/Prune.build/Debug-iphoneos/Prune.build/DerivedSources/arm64 -Xcc -I/Users/victor/Library/Developer/Xcode/DerivedData/Prune-gfseusqpfpgnvwgqfcdramosyrme/Build/Intermediates.noindex/Prune.build/Debug-iphoneos/Prune.build/DerivedSources -Xcc -DDEBUG\=1 -emit-objc-header -emit-objc-header-path /Users/victor/Library/Developer/Xcode/DerivedData/Prune-gfseusqpfpgnvwgqfcdramosyrme/Build/Intermediates.noindex/Prune.build/Debug-iphoneos/Prune.build/Objects-normal/arm64/Prune-Swift.h -working-directory /Users/victor/Documents/Dev/Photo\ Swiping\ App/Prune -experimental-emit-module-separately -disable-cmo
/Users/victor/Documents/Dev/Photo Swiping App/Prune/Prune/Views/Swipe/AdCard.swift:184:1: error: expected '}' at end of brace statement

^
/Users/victor/Documents/Dev/Photo Swiping App/Prune/Prune/Views/Swipe/AdCard.swift:31:25: note: to match this opening '{'
    var body: some View {
                        ^
/Users/victor/Documents/Dev/Photo Swiping App/Prune/Prune/Views/Swipe/AdCard.swift:184:1: error: expected '}' in struct

^
/Users/victor/Documents/Dev/Photo Swiping App/Prune/Prune/Views/Swipe/AdCard.swift:28:26: note: to match this opening '{'
struct HouseAdView: View {
                         ^
/Users/victor/Documents/Dev/Photo Swiping App/Prune/Prune/Views/Swipe/AdCard.swift:184:1: error: Expected '}' at end of brace statement

^ (in target 'Prune' from project 'Prune')
/Users/victor/Documents/Dev/Photo Swiping App/Prune/Prune/Views/Swipe/AdCard.swift:31:25: note: To match this opening '{'
    var body: some View {
                        ^ (in target 'Prune' from project 'Prune')
/Users/victor/Documents/Dev/Photo Swiping App/Prune/Prune/Views/Swipe/AdCard.swift:184:1: error: Expected '}' in struct

^ (in target 'Prune' from project 'Prune')
/Users/victor/Documents/Dev/Photo Swiping App/Prune/Prune/Views/Swipe/AdCard.swift:28:26: note: To match this opening '{'
struct HouseAdView: View {
                         ^ (in target 'Prune' from project 'Prune')

ProcessInfoPlistFile /Users/victor/Library/Developer/Xcode/DerivedData/Prune-gfseusqpfpgnvwgqfcdramosyrme/Build/Products/Debug-iphoneos/Prune.app/Info.plist /Users/victor/Documents/Dev/Photo\ Swiping\ App/Prune/Prune/Info.plist (in target 'Prune' from project 'Prune')
    cd /Users/victor/Documents/Dev/Photo\ Swiping\ App/Prune
    builtin-infoPlistUtility /Users/victor/Documents/Dev/Photo\ Swiping\ App/Prune/Prune/Info.plist -producttype com.apple.product-type.application -genpkginfo /Users/victor/Library/Developer/Xcode/DerivedData/Prune-gfseusqpfpgnvwgqfcdramosyrme/Build/Products/Debug-iphoneos/Prune.app/PkgInfo -expandbuildsettings -format binary -platform iphoneos -additionalcontentfile /Users/victor/Library/Developer/Xcode/DerivedData/Prune-gfseusqpfpgnvwgqfcdramosyrme/Build/Intermediates.noindex/Prune.build/Debug-iphoneos/Prune.build/assetcatalog_generated_info.plist -scanforprivacyfile /Users/victor/Library/Developer/Xcode/DerivedData/Prune-gfseusqpfpgnvwgqfcdramosyrme/Build/Products/Debug-iphoneos/Prune.app/Frameworks/GoogleMobileAds.framework -scanforprivacyfile /Users/victor/Library/Developer/Xcode/DerivedData/Prune-gfseusqpfpgnvwgqfcdramosyrme/Build/Products/Debug-iphoneos/Prune.app/Frameworks/UserMessagingPlatform.framework -scanforprivacyfile /Users/victor/Library/Developer/Xcode/DerivedData/Prune-gfseusqpfpgnvwgqfcdramosyrme/Build/Products/Debug-iphoneos/Prune.app/RevenueCat_RevenueCat.bundle -scanforprivacyfile /Users/victor/Library/Developer/Xcode/DerivedData/Prune-gfseusqpfpgnvwgqfcdramosyrme/Build/Products/Debug-iphoneos/Prune.app/RevenueCat_RevenueCatUI.bundle -requiredArchitecture arm64 -o /Users/victor/Library/Developer/Xcode/DerivedData/Prune-gfseusqpfpgnvwgqfcdramosyrme/Build/Products/Debug-iphoneos/Prune.app/Info.plist

** BUILD FAILED **


The following build commands failed:
	SwiftDriver Prune normal arm64 com.apple.xcode.tools.swift.compiler (in target 'Prune' from project 'Prune')
	Building project Prune with scheme Prune
(2 failures)
